Using pre-set license
Built from '2021.1/staging' branch; Version is '2021.1.14f1 (51d2f824827f) revision 5362424'; Using compiler version '192528614'; Build Type 'Release'
OS: 'Windows 10 Pro; OS build 19041.1165; Version 2004; 64bit' Language: 'ru' Physical Memory: 16250 MB
BatchMode: 1, IsHumanControllingUs: 0, StartBugReporterOnCrash: 0, Is64bit: 1, IsPro: 0

 COMMAND LINE ARGUMENTS:
C:\Program Files\Unity\Hub\Editor\2021.1.14f1\Editor\Unity.exe
-adb2
-batchMode
-noUpm
-name
AssetImportWorker0
-projectPath
D:/Unity/WORK/Learn
-logFile
Logs/AssetImportWorker0.log
-srvPort
65391
Successfully changed project path to: D:/Unity/WORK/Learn
D:/Unity/WORK/Learn
Using Asset Import Pipeline V2.
Refreshing native plugins compatible for Editor in 91.78 ms, found 2 plugins.
Preloading 0 native plugins for Editor in 0.00 ms.
Initialize engine version: 2021.1.14f1 (51d2f824827f)
[Subsystems] Discovering subsystems at path C:/Program Files/Unity/Hub/Editor/2021.1.14f1/Editor/Data/Resources/UnitySubsystems
[Subsystems] Discovering subsystems at path D:/Unity/WORK/Learn/Assets
GfxDevice: creating device client; threaded=0; jobified=0
Direct3D:
    Version:  Direct3D 11.0 [level 11.1]
    Renderer: NVIDIA GeForce GTX 1050 (ID=0x1c8d)
    Vendor:   NVIDIA
    VRAM:     4019 MB
    Driver:   27.21.14.6140
Initialize mono
Mono path[0] = 'C:/Program Files/Unity/Hub/Editor/2021.1.14f1/Editor/Data/Managed'
Mono path[1] = 'C:/Program Files/Unity/Hub/Editor/2021.1.14f1/Editor/Data/MonoBleedingEdge/lib/mono/unityjit'
Mono config path = 'C:/Program Files/Unity/Hub/Editor/2021.1.14f1/Editor/Data/MonoBleedingEdge/etc'
Using monoOptions --debugger-agent=transport=dt_socket,embedding=1,server=y,suspend=n,address=127.0.0.1:56660
Begin MonoManager ReloadAssembly
Registering precompiled unity dll's ...
Register platform support module: C:/Program Files/Unity/Hub/Editor/2021.1.14f1/Editor/Data/PlaybackEngines/WindowsStandaloneSupport/UnityEditor.WindowsStandalone.Extensions.dll
Registered in 0.003665 seconds.
Native extension for WindowsStandalone target not found
Refreshing native plugins compatible for Editor in 42.28 ms, found 2 plugins.
Preloading 0 native plugins for Editor in 0.00 ms.
Mono: successfully reloaded assembly
- Completed reload, in  3.736 seconds
Domain Reload Profiling:
	ReloadAssembly (3736ms)
		BeginReloadAssembly (173ms)
			ExecutionOrderSort (0ms)
			DisableScriptedObjects (0ms)
			BackupInstance (0ms)
			ReleaseScriptingObjects (0ms)
			CreateAndSetChildDomain (2ms)
		EndReloadAssembly (660ms)
			LoadAssemblies (155ms)
			RebuildTransferFunctionScriptingTraits (0ms)
			SetupTypeCache (265ms)
			ReleaseScriptCaches (0ms)
			RebuildScriptCaches (52ms)
			SetupLoadedEditorAssemblies (270ms)
				LogAssemblyErrors (0ms)
				InitializePlatformSupportModulesInManaged (9ms)
				SetLoadedEditorAssemblies (0ms)
				RefreshPlugins (42ms)
				BeforeProcessingInitializeOnLoad (2ms)
				ProcessInitializeOnLoadAttributes (166ms)
				ProcessInitializeOnLoadMethodAttributes (49ms)
				AfterProcessingInitializeOnLoad (0ms)
				EditorAssembliesLoaded (0ms)
			ExecutionOrderSort2 (0ms)
			AwakeInstancesAfterBackupRestoration (0ms)
Platform modules already initialized, skipping
Registering precompiled user dll's ...
Registered in 0.004261 seconds.
Begin MonoManager ReloadAssembly
Native extension for WindowsStandalone target not found
Refreshing native plugins compatible for Editor in 0.51 ms, found 2 plugins.
Preloading 0 native plugins for Editor in 0.00 ms.
Mono: successfully reloaded assembly
- Completed reload, in  2.470 seconds
Domain Reload Profiling:
	ReloadAssembly (2472ms)
		BeginReloadAssembly (333ms)
			ExecutionOrderSort (0ms)
			DisableScriptedObjects (8ms)
			BackupInstance (0ms)
			ReleaseScriptingObjects (0ms)
			CreateAndSetChildDomain (42ms)
		EndReloadAssembly (2001ms)
			LoadAssemblies (198ms)
			RebuildTransferFunctionScriptingTraits (0ms)
			SetupTypeCache (657ms)
			ReleaseScriptCaches (1ms)
			RebuildScriptCaches (112ms)
			SetupLoadedEditorAssemblies (786ms)
				LogAssemblyErrors (0ms)
				InitializePlatformSupportModulesInManaged (14ms)
				SetLoadedEditorAssemblies (1ms)
				RefreshPlugins (1ms)
				BeforeProcessingInitializeOnLoad (118ms)
				ProcessInitializeOnLoadAttributes (610ms)
				ProcessInitializeOnLoadMethodAttributes (15ms)
				AfterProcessingInitializeOnLoad (27ms)
				EditorAssembliesLoaded (1ms)
			ExecutionOrderSort2 (0ms)
			AwakeInstancesAfterBackupRestoration (22ms)
Platform modules already initialized, skipping
========================================================================
Worker process is ready to serve import requests
Launched and connected shader compiler UnityShaderCompiler.exe after 0.10 seconds
Refreshing native plugins compatible for Editor in 0.62 ms, found 2 plugins.
Preloading 0 native plugins for Editor in 0.00 ms.
Unloading 1424 Unused Serialized files (Serialized files now loaded: 0)
System memory in use before: 68.0 MB.
System memory in use after: 68.1 MB.

Unloading 18 unused Assets to reduce memory usage. Loaded Objects now: 1880.
Total: 5.251500 ms (FindLiveObjects: 0.235400 ms CreateObjectMapping: 0.101900 ms MarkObjects: 4.781200 ms  DeleteObjects: 0.130100 ms)

AssetImportParameters requested are different than current active one (requested -> active):
  custom:framework-win-MediaFoundation: 216162199b28c13a410421893ffa2e32 -> 
  custom:video-decoder-ogg-theora: a1e56fd34408186e4bbccfd4996cb3dc -> 
  custom:container-muxer-webm: aa71ff27fc2769a1b78a27578f13a17b -> 
  custom:container-demuxer-webm: 4f35f7cbe854078d1ac9338744f61a02 -> 
  custom:container-demuxer-ogg: 62fdf1f143b41e24485cea50d1cbac27 -> 
  custom:video-encoder-webm-vp8: eb34c28f22e8b96e1ab97ce403110664 -> 
  custom:video-codec-MediaFoundation-h265: 746d11721c4dcdbdad8f713fa42b33f4 -> 
  custom:video-decoder-webm-vp8: 9c59270c3fd7afecdb556c50c9e8de78 -> 
  custom:audio-decoder-ogg-vorbis: bf7c407c2cedff20999df2af8eb42d56 -> 
  custom:audio-encoder-webm-vorbis: bf7c407c2cedff20999df2af8eb42d56 -> 
========================================================================
Received Import Request.
  path: Assets/ScriptableObjects/Cars/BMW.asset
  artifactKey: Guid(67e85531c82cb174eb289bb2a78f19d6) Importer(815301076,1909f56bfc062723c751e8b465ee728b)
Start importing Assets/ScriptableObjects/Cars/BMW.asset using Guid(67e85531c82cb174eb289bb2a78f19d6) Importer(815301076,1909f56bfc062723c751e8b465ee728b)  -> (artifact id: 'b7450b0295bd4154a1fa0ae95946d7ce') in 0.304034 seconds 
========================================================================
Received Import Request.
  Time since last request: 0.000469 seconds.
  path: Assets/ScriptableObjects/Cars/Volkswagn.asset
  artifactKey: Guid(cfaebc2215da01348bbbc154357cff3f) Importer(815301076,1909f56bfc062723c751e8b465ee728b)
Start importing Assets/ScriptableObjects/Cars/Volkswagn.asset using Guid(cfaebc2215da01348bbbc154357cff3f) Importer(815301076,1909f56bfc062723c751e8b465ee728b)  -> (artifact id: '1d43ddf63b25b77cb15f2142c38b8d8d') in 0.093938 seconds 
========================================================================
Received Import Request.
  Time since last request: 0.000463 seconds.
  path: Assets/ScriptableObjects/Cars/Ferrari.asset
  artifactKey: Guid(1f7cbc0a79b4bcd4d9c2ee51705bcdaa) Importer(815301076,1909f56bfc062723c751e8b465ee728b)
Start importing Assets/ScriptableObjects/Cars/Ferrari.asset using Guid(1f7cbc0a79b4bcd4d9c2ee51705bcdaa) Importer(815301076,1909f56bfc062723c751e8b465ee728b)  -> (artifact id: '5c4eceeb39264b5277fe3e08b6eb2d72') in 0.098642 seconds 
========================================================================
Received Import Request.
  Time since last request: 1125.304166 seconds.
  path: Assets/Materials/PodiumMaterial.mat
  artifactKey: Guid(738dccc7ce706be478fd7445d2f979b4) Importer(815301076,1909f56bfc062723c751e8b465ee728b)
Start importing Assets/Materials/PodiumMaterial.mat using Guid(738dccc7ce706be478fd7445d2f979b4) Importer(815301076,1909f56bfc062723c751e8b465ee728b)  -> (artifact id: '35db0d6768efaedafc1c2c1b5a5f385f') in 0.263023 seconds 
========================================================================
Received Import Request.
  Time since last request: 963.509512 seconds.
  path: Assets/Scripts/Scriptables/CarSpecifications.cs
  artifactKey: Guid(f1f7c808eaddf1c4883ffc10523a627d) Importer(815301076,1909f56bfc062723c751e8b465ee728b)
Start importing Assets/Scripts/Scriptables/CarSpecifications.cs using Guid(f1f7c808eaddf1c4883ffc10523a627d) Importer(815301076,1909f56bfc062723c751e8b465ee728b)  -> (artifact id: '09471e11d1f367e184139b936a3f38b2') in 0.025203 seconds 
========================================================================
Received Import Request.
  Time since last request: 3.611648 seconds.
  path: Assets/FlamingSands_Cars
  artifactKey: Guid(784606cf760e437418a481f287a65ca8) Importer(815301076,1909f56bfc062723c751e8b465ee728b)
Start importing Assets/FlamingSands_Cars using Guid(784606cf760e437418a481f287a65ca8) Importer(815301076,1909f56bfc062723c751e8b465ee728b)  -> (artifact id: 'ad91e353a869042e054a7ef8899173b9') in 0.017147 seconds 
========================================================================
Received Import Request.
  Time since last request: 3.200200 seconds.
  path: Assets/Hatchback and Sedan
  artifactKey: Guid(8a2c83033ac4e074b95a9490a2c8f727) Importer(815301076,1909f56bfc062723c751e8b465ee728b)
Start importing Assets/Hatchback and Sedan using Guid(8a2c83033ac4e074b95a9490a2c8f727) Importer(815301076,1909f56bfc062723c751e8b465ee728b)  -> (artifact id: 'a139e960d27f31baffd60d14be1040ec') in 0.013210 seconds 
AssetImportWorkerClient::OnTransportError - code=2 error=End of file
